<?xml version="1.0" encoding="UTF-8"?>
<testsuite xmlns:xsi="http://www.w3.org/2001/XMLSchema-instance" xsi:noNamespaceSchemaLocation="https://maven.apache.org/surefire/maven-surefire-plugin/xsd/surefire-test-report.xsd" version="3.0.2" name="com.rev.app.service.PasswordGeneratorServiceImplTest" time="0.251" tests="7" errors="0" skipped="0" failures="0">
  <properties>
[...]
</properties>
  <testcase name="generatePassword_ShortLengthWithAllCategories" classname="com.rev.app.service.PasswordGeneratorServiceImplTest" time="0.166"/>
  <testcase name="generatePassword_InvalidLengths" classname="com.rev.app.service.PasswordGeneratorServiceImplTest" time="0.004"/>
  <testcase name="calculatePasswordStrength_Weak_Short" classname="com.rev.app.service.PasswordGeneratorServiceImplTest" time="0.008"/>
  <testcase name="calculatePasswordStrength_Strong_8To9" classname="com.rev.app.service.PasswordGeneratorServiceImplTest" time="0.005"/>
  <testcase name="calculatePasswordStrength_Medium_6To7" classname="com.rev.app.service.PasswordGeneratorServiceImplTest" time="0.0"/>
  <testcase name="calculatePasswordStrength_VeryStrong_10Plus" classname="com.rev.app.service.PasswordGeneratorServiceImplTest" time="0.01"/>
  <testcase name="generatePassword_ValidLengths" classname="com.rev.app.service.PasswordGeneratorServiceImplTest" time="0.0"/>
</testsuite>